<?xml version="1.0" encoding="UTF-8"?>
<testsuite xmlns:xsi="http://www.w3.org/2001/XMLSchema-instance" xsi:noNamespaceSchemaLocation="https://maven.apache.org/surefire/maven-surefire-plugin/xsd/surefire-test-report-3.0.xsd" version="3.0" name="TestSuite" time="300.396" tests="12" errors="0" skipped="0" failures="0">
  <properties>
[...]
</properties>
  <testcase name="testNavigateToUpcomingBikes" classname="com.cts.inb.tests.HomePageTest" time="8.459">
    <system-out><![CDATA[Test Suite Started - Report initialized
Browser launched and Page Objects initialized
]]></system-out>
    <system-err><![CDATA[SLF4J(W): No SLF4J providers were found.
SLF4J(W): Defaulting to no-operation (NOP) logger implementation
SLF4J(W): See https://www.slf4j.org/codes.html#noProviders for further details.
ERROR StatusLogger Log4j2 could not find a logging implementation. Please add log4j-core to the classpath. Using SimpleLogger to log to the console...
Jan 30, 2026 11:37:41 AM org.openqa.selenium.devtools.CdpVersionFinder findNearestMatch
WARNING: Unable to find CDP implementation matching 142
Jan 30, 2026 11:37:41 AM org.openqa.selenium.chromium.ChromiumDriver lambda$new$5
WARNING: Unable to find version of CDP to use for 142.0.7444.176. You may need to include a dependency on a specific version of the CDP using something similar to `org.seleniumhq.selenium:selenium-devtools-v86:4.11.0` where the version ("v86") matches the version of the chromium-based browser you're using and the version number of the artifact is the same as Selenium's.
]]></system-err>
  </testcase>
  <testcase name="testNavigateToUsedCars" classname="com.cts.inb.tests.HomePageTest" time="10.549">
    <system-out><![CDATA[Browser closed
Browser launched and Page Objects initialized
]]></system-out>
    <system-err><![CDATA[Jan 30, 2026 11:37:55 AM org.openqa.selenium.devtools.CdpVersionFinder findNearestMatch
WARNING: Unable to find CDP implementation matching 142
Jan 30, 2026 11:37:55 AM org.openqa.selenium.chromium.ChromiumDriver lambda$new$5
WARNING: Unable to find version of CDP to use for 142.0.7444.176. You may need to include a dependency on a specific version of the CDP using something similar to `org.seleniumhq.selenium:selenium-devtools-v86:4.11.0` where the version ("v86") matches the version of the chromium-based browser you're using and the version number of the artifact is the same as Selenium's.
]]></system-err>
  </testcase>
  <testcase name="testYamahaBikesUnder4Lakhs" classname="com.cts.inb.tests.YamahaBikesTest" time="18.906">
    <system-out><![CDATA[Browser closed
Browser launched and Page Objects initialized
Total Yamaha bikes found: 11
=========================================
Bike 1:
Model Name: Yamaha EC-06
Price: Rs. 1.60 Lakh
Expected Launch: Expected Launch : Mar 2026
-----------------------------------------
Bike 2:
Model Name: Yamaha AEROX-E
Price: Rs. 2.90 Lakh
Expected Launch: Expected Launch : Mar 2026
-----------------------------------------
Bike 3:
Model Name: 2025 Yamaha MT-03
Price: Rs. 3.60 Lakh
Expected Launch: Expected Launch : Jun 2026
-----------------------------------------
Bike 4:
Model Name: Yamaha NMax 155
Price: Rs. 1.40 Lakh
Expected Launch: Expected Launch : Jun 2026
-----------------------------------------
Bike 5:
Model Name: 2025 Yamaha R3
Price: Rs. 3.70 Lakh
Expected Launch: Expected Launch : Jun 2026
-----------------------------------------
Bike 6:
Model Name: Yamaha WR155 R
Price: Rs. 1.70 Lakh
Expected Launch: Expected Launch : Jun 2026
-----------------------------------------
Total bikes under 4.00 Lakh displayed: 6
]]></system-out>
    <system-err><![CDATA[Jan 30, 2026 11:38:13 AM org.openqa.selenium.devtools.CdpVersionFinder findNearestMatch
WARNING: Unable to find CDP implementation matching 142
Jan 30, 2026 11:38:13 AM org.openqa.selenium.chromium.ChromiumDriver lambda$new$5
WARNING: Unable to find version of CDP to use for 142.0.7444.176. You may need to include a dependency on a specific version of the CDP using something similar to `org.seleniumhq.selenium:selenium-devtools-v86:4.11.0` where the version ("v86") matches the version of the chromium-based browser you're using and the version number of the artifact is the same as Selenium's.
]]></system-err>
  </testcase>
  <testcase name="testYamahaBikesUnder4Lakhs" classname="com.cts.inb.tests.UpcomingBikesTest" time="17.715">
    <system-out><![CDATA[Browser closed
Browser launched and Page Objects initialized
Total Yamaha bikes found: 11
=========================================
Bike 1:
Model Name: Yamaha EC-06
Price: Rs. 1.60 Lakh
Expected Launch: Expected Launch : Mar 2026
-----------------------------------------
Bike 2:
Model Name: Yamaha AEROX-E
Price: Rs. 2.90 Lakh
Expected Launch: Expected Launch : Mar 2026
-----------------------------------------
Bike 3:
Model Name: 2025 Yamaha MT-03
Price: Rs. 3.60 Lakh
Expected Launch: Expected Launch : Jun 2026
-----------------------------------------
Bike 4:
Model Name: Yamaha NMax 155
Price: Rs. 1.40 Lakh
Expected Launch: Expected Launch : Jun 2026
-----------------------------------------
Bike 5:
Model Name: 2025 Yamaha R3
Price: Rs. 3.70 Lakh
Expected Launch: Expected Launch : Jun 2026
-----------------------------------------
Bike 6:
Model Name: Yamaha WR155 R
Price: Rs. 1.70 Lakh
Expected Launch: Expected Launch : Jun 2026
-----------------------------------------
Total bikes under 4.00 Lakh displayed: 6
]]></system-out>
    <system-err><![CDATA[Jan 30, 2026 11:38:39 AM org.openqa.selenium.devtools.CdpVersionFinder findNearestMatch
WARNING: Unable to find CDP implementation matching 142
Jan 30, 2026 11:38:39 AM org.openqa.selenium.chromium.ChromiumDriver lambda$new$5
WARNING: Unable to find version of CDP to use for 142.0.7444.176. You may need to include a dependency on a specific version of the CDP using something similar to `org.seleniumhq.selenium:selenium-devtools-v86:4.11.0` where the version ("v86") matches the version of the chromium-based browser you're using and the version number of the artifact is the same as Selenium's.
]]></system-err>
  </testcase>
  <testcase name="testUsedCarsInChennai" classname="com.cts.inb.tests.UsedCarsTest" time="10.888">
    <system-out><![CDATA[Browser closed
Browser launched and Page Objects initialized

=========================================
Used Cars in Chennai List
=========================================
1. Hyundai i10 Magna 1.1
2. Maruti Celerio VXI AMT
3. Hyundai Grand i10 1.2 Kappa Sportz BSIV
4. Hyundai Grand i10 1.2 Kappa Sportz BSIV
5. Honda Jazz 1.2 V AT i VTEC
6. Kia Seltos HTX G
7. 59 Used Hyundai i20
8. 53 Used Honda City
9. 44 Used Maruti Swift
10. 43 Used Hyundai Grand i10
=========================================
]]></system-out>
    <system-err><![CDATA[Jan 30, 2026 11:39:02 AM org.openqa.selenium.devtools.CdpVersionFinder findNearestMatch
WARNING: Unable to find CDP implementation matching 142
Jan 30, 2026 11:39:02 AM org.openqa.selenium.chromium.ChromiumDriver lambda$new$5
WARNING: Unable to find version of CDP to use for 142.0.7444.176. You may need to include a dependency on a specific version of the CDP using something similar to `org.seleniumhq.selenium:selenium-devtools-v86:4.11.0` where the version ("v86") matches the version of the chromium-based browser you're using and the version number of the artifact is the same as Selenium's.
]]></system-err>
  </testcase>
  <testcase name="testGoogleLogin" classname="com.cts.inb.tests.LoginTest" time="11.517">
    <system-out><![CDATA[Browser closed
Browser launched and Page Objects initialized
Screenshot saved at: C:\Users\2457511\Desktop\FinalProject\identify_new_bikes_1\src\main\resources\screenshots\google_login_error.png
]]></system-out>
    <system-err><![CDATA[Jan 30, 2026 11:39:21 AM org.openqa.selenium.devtools.CdpVersionFinder findNearestMatch
WARNING: Unable to find CDP implementation matching 142
Jan 30, 2026 11:39:21 AM org.openqa.selenium.chromium.ChromiumDriver lambda$new$5
WARNING: Unable to find version of CDP to use for 142.0.7444.176. You may need to include a dependency on a specific version of the CDP using something similar to `org.seleniumhq.selenium:selenium-devtools-v86:4.11.0` where the version ("v86") matches the version of the chromium-based browser you're using and the version number of the artifact is the same as Selenium's.
]]></system-err>
  </testcase>
  <testcase name="runScenario[&quot;Open Upcoming Bikes from New Bikes menu&quot;, &quot;Navigate from homepage&quot;](1)" classname="com.cts.inb.cucumber.CucumberTestRunner" time="27.672">
    <system-out><![CDATA[Browser closed

@homepage
Scenario: Open Upcoming Bikes from New Bikes menu           # src/test/resources/features/home_navigation.feature:7
  Given I open the ZigWheels homepage                       # com.cts.inb.cucumber.HomePageSteps.i_open_the_zigwheels_homepage()
  When I navigate to Upcoming Bikes from the New Bikes menu # com.cts.inb.cucumber.HomePageSteps.i_navigate_to_upcoming_bikes_from_the_new_bikes_menu()
  Then I should land on the Upcoming Bikes page             # com.cts.inb.cucumber.HomePageSteps.i_should_land_on_the_upcoming_bikes_page()
]]></system-out>
    <system-err><![CDATA[Jan 30, 2026 11:39:39 AM org.openqa.selenium.devtools.CdpVersionFinder findNearestMatch
WARNING: Unable to find CDP implementation matching 142
Jan 30, 2026 11:39:39 AM org.openqa.selenium.chromium.ChromiumDriver lambda$new$5
WARNING: Unable to find version of CDP to use for 142.0.7444.176. You may need to include a dependency on a specific version of the CDP using something similar to `org.seleniumhq.selenium:selenium-devtools-v86:4.11.0` where the version ("v86") matches the version of the chromium-based browser you're using and the version number of the artifact is the same as Selenium's.
Jan 30, 2026 11:39:41 AM org.openqa.selenium.devtools.CdpVersionFinder findNearestMatch
WARNING: Unable to find CDP implementation matching 142
Jan 30, 2026 11:39:42 AM org.openqa.selenium.chromium.ChromiumDriver lambda$new$5
WARNING: Unable to find version of CDP to use for 142.0.7444.176. You may need to include a dependency on a specific version of the CDP using something similar to `org.seleniumhq.selenium:selenium-devtools-v86:4.11.0` where the version ("v86") matches the version of the chromium-based browser you're using and the version number of the artifact is the same as Selenium's.
Jan 30, 2026 11:39:45 AM org.openqa.selenium.devtools.CdpVersionFinder findNearestMatch
WARNING: Unable to find CDP implementation matching 142
Jan 30, 2026 11:39:45 AM org.openqa.selenium.chromium.ChromiumDriver lambda$new$5
WARNING: Unable to find version of CDP to use for 142.0.7444.176. You may need to include a dependency on a specific version of the CDP using something similar to `org.seleniumhq.selenium:selenium-devtools-v86:4.11.0` where the version ("v86") matches the version of the chromium-based browser you're using and the version number of the artifact is the same as Selenium's.
]]></system-err>
  </testcase>
  <testcase name="runScenario[&quot;Open Used Cars from More menu&quot;, &quot;Navigate from homepage&quot;](2)" classname="com.cts.inb.cucumber.CucumberTestRunner" time="33.427">
    <system-out><![CDATA[
@homepage
Scenario: Open Used Cars from More menu           # src/test/resources/features/home_navigation.feature:11
  Given I open the ZigWheels homepage             # com.cts.inb.cucumber.HomePageSteps.i_open_the_zigwheels_homepage()
  When I navigate to Used Cars from the More menu # com.cts.inb.cucumber.HomePageSteps.i_navigate_to_used_cars_from_the_more_menu()
  Then I should see used cars in Chennai          # com.cts.inb.cucumber.HomePageSteps.i_should_see_used_cars_in_chennai()
]]></system-out>
    <system-err><![CDATA[Jan 30, 2026 11:40:06 AM org.openqa.selenium.devtools.CdpVersionFinder findNearestMatch
WARNING: Unable to find CDP implementation matching 142
Jan 30, 2026 11:40:06 AM org.openqa.selenium.chromium.ChromiumDriver lambda$new$5
WARNING: Unable to find version of CDP to use for 142.0.7444.176. You may need to include a dependency on a specific version of the CDP using something similar to `org.seleniumhq.selenium:selenium-devtools-v86:4.11.0` where the version ("v86") matches the version of the chromium-based browser you're using and the version number of the artifact is the same as Selenium's.
Jan 30, 2026 11:40:09 AM org.openqa.selenium.devtools.CdpVersionFinder findNearestMatch
WARNING: Unable to find CDP implementation matching 142
Jan 30, 2026 11:40:09 AM org.openqa.selenium.chromium.ChromiumDriver lambda$new$5
WARNING: Unable to find version of CDP to use for 142.0.7444.176. You may need to include a dependency on a specific version of the CDP using something similar to `org.seleniumhq.selenium:selenium-devtools-v86:4.11.0` where the version ("v86") matches the version of the chromium-based browser you're using and the version number of the artifact is the same as Selenium's.
Jan 30, 2026 11:40:12 AM org.openqa.selenium.devtools.CdpVersionFinder findNearestMatch
WARNING: Unable to find CDP implementation matching 142
Jan 30, 2026 11:40:12 AM org.openqa.selenium.chromium.ChromiumDriver lambda$new$5
WARNING: Unable to find version of CDP to use for 142.0.7444.176. You may need to include a dependency on a specific version of the CDP using something similar to `org.seleniumhq.selenium:selenium-devtools-v86:4.11.0` where the version ("v86") matches the version of the chromium-based browser you're using and the version number of the artifact is the same as Selenium's.
]]></system-err>
  </testcase>
  <testcase name="runScenario[&quot;Verify cucumber wiring&quot;, &quot;Simple smoke check&quot;](3)" classname="com.cts.inb.cucumber.CucumberTestRunner" time="12.392">
    <system-out><![CDATA[
@smoke
Scenario: Verify cucumber wiring # src/test/resources/features/smoke.feature:4
  Given the framework is ready   # com.cts.inb.cucumber.SmokeSteps.the_framework_is_ready()
  When I run a cucumber smoke    # com.cts.inb.cucumber.SmokeSteps.i_run_a_cucumber_smoke()
  Then it should pass            # com.cts.inb.cucumber.SmokeSteps.it_should_pass()
]]></system-out>
    <system-err><![CDATA[Jan 30, 2026 11:40:40 AM org.openqa.selenium.devtools.CdpVersionFinder findNearestMatch
WARNING: Unable to find CDP implementation matching 142
Jan 30, 2026 11:40:40 AM org.openqa.selenium.chromium.ChromiumDriver lambda$new$5
WARNING: Unable to find version of CDP to use for 142.0.7444.176. You may need to include a dependency on a specific version of the CDP using something similar to `org.seleniumhq.selenium:selenium-devtools-v86:4.11.0` where the version ("v86") matches the version of the chromium-based browser you're using and the version number of the artifact is the same as Selenium's.
Jan 30, 2026 11:40:42 AM org.openqa.selenium.devtools.CdpVersionFinder findNearestMatch
WARNING: Unable to find CDP implementation matching 142
Jan 30, 2026 11:40:42 AM org.openqa.selenium.chromium.ChromiumDriver lambda$new$5
WARNING: Unable to find version of CDP to use for 142.0.7444.176. You may need to include a dependency on a specific version of the CDP using something similar to `org.seleniumhq.selenium:selenium-devtools-v86:4.11.0` where the version ("v86") matches the version of the chromium-based browser you're using and the version number of the artifact is the same as Selenium's.
Jan 30, 2026 11:40:45 AM org.openqa.selenium.devtools.CdpVersionFinder findNearestMatch
WARNING: Unable to find CDP implementation matching 142
Jan 30, 2026 11:40:45 AM org.openqa.selenium.chromium.ChromiumDriver lambda$new$5
WARNING: Unable to find version of CDP to use for 142.0.7444.176. You may need to include a dependency on a specific version of the CDP using something similar to `org.seleniumhq.selenium:selenium-devtools-v86:4.11.0` where the version ("v86") matches the version of the chromium-based browser you're using and the version number of the artifact is the same as Selenium's.
]]></system-err>
  </testcase>
  <testcase name="runScenario[&quot;View Yamaha upcoming bikes under 2 lakhs&quot;, &quot;Upcoming bikes navigation&quot;](4)" classname="com.cts.inb.cucumber.CucumberTestRunner" time="36.633">
    <system-out><![CDATA[
@upcoming
Scenario: View Yamaha upcoming bikes under 2 lakhs         # src/test/resources/features/upcoming_bikes.feature:8
  Given I open the ZigWheels homepage                      # com.cts.inb.cucumber.HomePageSteps.i_open_the_zigwheels_homepage()
  And I navigate to Upcoming Bikes from the New Bikes menu # com.cts.inb.cucumber.HomePageSteps.i_navigate_to_upcoming_bikes_from_the_new_bikes_menu()
  When I filter upcoming bikes under 2 lakhs               # com.cts.inb.cucumber.HomePageSteps.i_filter_upcoming_bikes_under_2_lakhs()
  And I open Yamaha upcoming bikes                         # com.cts.inb.cucumber.HomePageSteps.i_open_yamaha_upcoming_bikes()
  Then I should see Yamaha upcoming bikes                  # com.cts.inb.cucumber.HomePageSteps.i_should_see_yamaha_upcoming_bikes()
]]></system-out>
    <system-err><![CDATA[Jan 30, 2026 11:40:52 AM org.openqa.selenium.devtools.CdpVersionFinder findNearestMatch
WARNING: Unable to find CDP implementation matching 142
Jan 30, 2026 11:40:52 AM org.openqa.selenium.chromium.ChromiumDriver lambda$new$5
WARNING: Unable to find version of CDP to use for 142.0.7444.176. You may need to include a dependency on a specific version of the CDP using something similar to `org.seleniumhq.selenium:selenium-devtools-v86:4.11.0` where the version ("v86") matches the version of the chromium-based browser you're using and the version number of the artifact is the same as Selenium's.
Jan 30, 2026 11:40:55 AM org.openqa.selenium.devtools.CdpVersionFinder findNearestMatch
WARNING: Unable to find CDP implementation matching 142
Jan 30, 2026 11:40:55 AM org.openqa.selenium.chromium.ChromiumDriver lambda$new$5
WARNING: Unable to find version of CDP to use for 142.0.7444.176. You may need to include a dependency on a specific version of the CDP using something similar to `org.seleniumhq.selenium:selenium-devtools-v86:4.11.0` where the version ("v86") matches the version of the chromium-based browser you're using and the version number of the artifact is the same as Selenium's.
Jan 30, 2026 11:40:58 AM org.openqa.selenium.devtools.CdpVersionFinder findNearestMatch
WARNING: Unable to find CDP implementation matching 142
Jan 30, 2026 11:40:58 AM org.openqa.selenium.chromium.ChromiumDriver lambda$new$5
WARNING: Unable to find version of CDP to use for 142.0.7444.176. You may need to include a dependency on a specific version of the CDP using something similar to `org.seleniumhq.selenium:selenium-devtools-v86:4.11.0` where the version ("v86") matches the version of the chromium-based browser you're using and the version number of the artifact is the same as Selenium's.
]]></system-err>
  </testcase>
  <testcase name="runScenario[&quot;View used cars in Chennai&quot;, &quot;Browse used cars&quot;](5)" classname="com.cts.inb.cucumber.CucumberTestRunner" time="35.901">
    <system-out><![CDATA[
@usedcars
Scenario: View used cars in Chennai                 # src/test/resources/features/used_cars.feature:7
  Given I open the ZigWheels homepage for used cars # com.cts.inb.cucumber.UsedCarsSteps.i_open_the_zigwheels_homepage_for_used_cars()
  When I go to Used Cars from the More menu         # com.cts.inb.cucumber.UsedCarsSteps.i_go_to_used_cars_from_the_more_menu()
  And I select Chennai used cars                    # com.cts.inb.cucumber.UsedCarsSteps.i_select_chennai_used_cars()

=========================================
Used Cars in Chennai List
=========================================
1. Hyundai i10 Magna 1.1
2. Maruti Celerio VXI AMT
3. Hyundai Grand i10 1.2 Kappa Sportz BSIV
4. Hyundai Grand i10 1.2 Kappa Sportz BSIV
5. Honda Jazz 1.2 V AT i VTEC
6. Kia Seltos HTX G
7. 59 Used Hyundai i20
8. 53 Used Honda City
9. 44 Used Maruti Swift
10. 43 Used Hyundai Grand i10
=========================================
  Then I should see some used cars listed           # com.cts.inb.cucumber.UsedCarsSteps.i_should_see_some_used_cars_listed()
]]></system-out>
    <system-err><![CDATA[Jan 30, 2026 11:41:29 AM org.openqa.selenium.devtools.CdpVersionFinder findNearestMatch
WARNING: Unable to find CDP implementation matching 142
Jan 30, 2026 11:41:29 AM org.openqa.selenium.chromium.ChromiumDriver lambda$new$5
WARNING: Unable to find version of CDP to use for 142.0.7444.176. You may need to include a dependency on a specific version of the CDP using something similar to `org.seleniumhq.selenium:selenium-devtools-v86:4.11.0` where the version ("v86") matches the version of the chromium-based browser you're using and the version number of the artifact is the same as Selenium's.
Jan 30, 2026 11:41:31 AM org.openqa.selenium.devtools.CdpVersionFinder findNearestMatch
WARNING: Unable to find CDP implementation matching 142
Jan 30, 2026 11:41:31 AM org.openqa.selenium.chromium.ChromiumDriver lambda$new$5
WARNING: Unable to find version of CDP to use for 142.0.7444.176. You may need to include a dependency on a specific version of the CDP using something similar to `org.seleniumhq.selenium:selenium-devtools-v86:4.11.0` where the version ("v86") matches the version of the chromium-based browser you're using and the version number of the artifact is the same as Selenium's.
Jan 30, 2026 11:41:34 AM org.openqa.selenium.devtools.CdpVersionFinder findNearestMatch
WARNING: Unable to find CDP implementation matching 142
Jan 30, 2026 11:41:34 AM org.openqa.selenium.chromium.ChromiumDriver lambda$new$5
WARNING: Unable to find version of CDP to use for 142.0.7444.176. You may need to include a dependency on a specific version of the CDP using something similar to `org.seleniumhq.selenium:selenium-devtools-v86:4.11.0` where the version ("v86") matches the version of the chromium-based browser you're using and the version number of the artifact is the same as Selenium's.
]]></system-err>
  </testcase>
  <testcase name="runScenario[&quot;List Yamaha bikes under 4 lakhs&quot;, &quot;View Yamaha upcoming bikes under 4 lakhs&quot;](6)" classname="com.cts.inb.cucumber.CucumberTestRunner" time="32.865">
    <system-out><![CDATA[
@yamaha
Scenario: List Yamaha bikes under 4 lakhs              # src/test/resources/features/yamaha_bikes.feature:10
  Given I launch ZigWheels for Yamaha bikes            # com.cts.inb.cucumber.YamahaBikesSteps.i_launch_zigwheels_for_yamaha_bikes()
  When I go to Upcoming Bikes from the New Bikes menu  # com.cts.inb.cucumber.YamahaBikesSteps.i_go_to_upcoming_bikes_from_the_new_bikes_menu()
  And I filter upcoming bikes under 2 lakhs for Yamaha # com.cts.inb.cucumber.YamahaBikesSteps.i_filter_upcoming_bikes_under_2_lakhs_for_yamaha()
  And I choose Yamaha upcoming bikes                   # com.cts.inb.cucumber.YamahaBikesSteps.i_choose_yamaha_upcoming_bikes()
Total Yamaha bikes found: 11
=========================================
Bike 1:
Model Name: Yamaha EC-06
Price: Rs. 1.60 Lakh
Expected Launch: Expected Launch : Mar 2026
-----------------------------------------
Bike 2:
Model Name: Yamaha AEROX-E
Price: Rs. 2.90 Lakh
Expected Launch: Expected Launch : Mar 2026
-----------------------------------------
Bike 3:
Model Name: 2025 Yamaha MT-03
Price: Rs. 3.60 Lakh
Expected Launch: Expected Launch : Jun 2026
-----------------------------------------
Bike 4:
Model Name: Yamaha NMax 155
Price: Rs. 1.40 Lakh
Expected Launch: Expected Launch : Jun 2026
-----------------------------------------
Bike 5:
Model Name: 2025 Yamaha R3
Price: Rs. 3.70 Lakh
Expected Launch: Expected Launch : Jun 2026
-----------------------------------------
Bike 6:
Model Name: Yamaha WR155 R
Price: Rs. 1.70 Lakh
Expected Launch: Expected Launch : Jun 2026
-----------------------------------------
Total bikes under 4.00 Lakh displayed: 6
  Then I should see Yamaha bikes under 4 lakhs         # com.cts.inb.cucumber.YamahaBikesSteps.i_should_see_yamaha_bikes_under_4_lakhs()
]]></system-out>
    <system-err><![CDATA[Jan 30, 2026 11:42:04 AM org.openqa.selenium.devtools.CdpVersionFinder findNearestMatch
WARNING: Unable to find CDP implementation matching 142
Jan 30, 2026 11:42:04 AM org.openqa.selenium.chromium.ChromiumDriver lambda$new$5
WARNING: Unable to find version of CDP to use for 142.0.7444.176. You may need to include a dependency on a specific version of the CDP using something similar to `org.seleniumhq.selenium:selenium-devtools-v86:4.11.0` where the version ("v86") matches the version of the chromium-based browser you're using and the version number of the artifact is the same as Selenium's.
Jan 30, 2026 11:42:07 AM org.openqa.selenium.devtools.CdpVersionFinder findNearestMatch
WARNING: Unable to find CDP implementation matching 142
Jan 30, 2026 11:42:07 AM org.openqa.selenium.chromium.ChromiumDriver lambda$new$5
WARNING: Unable to find version of CDP to use for 142.0.7444.176. You may need to include a dependency on a specific version of the CDP using something similar to `org.seleniumhq.selenium:selenium-devtools-v86:4.11.0` where the version ("v86") matches the version of the chromium-based browser you're using and the version number of the artifact is the same as Selenium's.
Jan 30, 2026 11:42:10 AM org.openqa.selenium.devtools.CdpVersionFinder findNearestMatch
WARNING: Unable to find CDP implementation matching 142
Jan 30, 2026 11:42:10 AM org.openqa.selenium.chromium.ChromiumDriver lambda$new$5
WARNING: Unable to find version of CDP to use for 142.0.7444.176. You may need to include a dependency on a specific version of the CDP using something similar to `org.seleniumhq.selenium:selenium-devtools-v86:4.11.0` where the version ("v86") matches the version of the chromium-based browser you're using and the version number of the artifact is the same as Selenium's.
]]></system-err>
  </testcase>
</testsuite>