<?xml version="1.0" encoding="UTF-8"?>
<!-- Generated by org.testng.reporters.JUnitReportReporter -->
<testsuite hostname="LTIN684378" failures="0" tests="2" name="com.cts.inb.tests.HomePageTest" time="34.393" errors="0" timestamp="2026-01-30T11:42:35 IST" skipped="0">
  <testcase classname="com.cts.inb.tests.HomePageTest" name="testNavigateToUpcomingBikes" time="16.315"/>
  <testcase classname="com.cts.inb.tests.HomePageTest" name="testNavigateToUsedCars" time="18.078"/>
</testsuite> <!-- com.cts.inb.tests.HomePageTest -->
