<?xml version="1.0" encoding="UTF-8"?>
<!-- Generated by org.testng.reporters.JUnitReportReporter -->
<testsuite hostname="LTIN684378" failures="0" tests="6" name="com.cts.inb.cucumber.CucumberTestRunner" time="178.880" errors="0" timestamp="2026-01-30T11:42:35 IST" skipped="0">
  <testcase classname="com.cts.inb.cucumber.CucumberTestRunner" name="runScenario" time="33.427"/>
  <testcase classname="com.cts.inb.cucumber.CucumberTestRunner" name="runScenario" time="32.861"/>
  <testcase classname="com.cts.inb.cucumber.CucumberTestRunner" name="runScenario" time="35.896"/>
  <testcase classname="com.cts.inb.cucumber.CucumberTestRunner" name="runScenario" time="27.671"/>
  <testcase classname="com.cts.inb.cucumber.CucumberTestRunner" name="runScenario" time="12.393"/>
  <testcase classname="com.cts.inb.cucumber.CucumberTestRunner" name="runScenario" time="36.632"/>
</testsuite> <!-- com.cts.inb.cucumber.CucumberTestRunner -->
