<?xml version="1.0" encoding="UTF-8"?>
<!-- Generated by org.testng.reporters.JUnitXMLReporter -->
<testsuite ignored="8" hostname="LTIN684378" failures="0" tests="6" name="All Tests" time="119.829" errors="0" timestamp="2026-01-30T11:39:35 IST">
  <testcase classname="com.cts.inb.tests.HomePageTest" name="testNavigateToUpcomingBikes" time="8.466"/>
  <testcase classname="com.cts.inb.tests.HomePageTest" name="testNavigateToUsedCars" time="10.561"/>
  <testcase classname="com.cts.inb.tests.YamahaBikesTest" name="testYamahaBikesUnder4Lakhs" time="18.854"/>
  <testcase classname="com.cts.inb.tests.UpcomingBikesTest" name="testYamahaBikesUnder4Lakhs" time="17.703"/>
  <testcase classname="com.cts.inb.tests.UsedCarsTest" name="testUsedCarsInChennai" time="10.882"/>
  <testcase classname="com.cts.inb.tests.LoginTest" name="testGoogleLogin" time="11.52"/>
  <testcase classname="com.cts.inb.tests.BaseTest" name="@AfterSuite tearDownReport" time="0.0">
    <ignored/>
  </testcase> <!-- @AfterSuite tearDownReport -->
  <testcase classname="com.cts.inb.tests.BaseTest" name="@BeforeSuite setupReport" time="0.0">
    <ignored/>
  </testcase> <!-- @BeforeSuite setupReport -->
  <testcase classname="com.cts.inb.tests.BaseTest" name="@BeforeSuite setupReport" time="0.0">
    <ignored/>
  </testcase> <!-- @BeforeSuite setupReport -->
  <testcase classname="com.cts.inb.tests.BaseTest" name="@AfterSuite tearDownReport" time="0.0">
    <ignored/>
  </testcase> <!-- @AfterSuite tearDownReport -->
  <testcase classname="com.cts.inb.tests.BaseTest" name="@BeforeSuite setupReport" time="0.0">
    <ignored/>
  </testcase> <!-- @BeforeSuite setupReport -->
  <testcase classname="com.cts.inb.tests.BaseTest" name="@BeforeSuite setupReport" time="0.0">
    <ignored/>
  </testcase> <!-- @BeforeSuite setupReport -->
  <testcase classname="com.cts.inb.tests.BaseTest" name="@AfterSuite tearDownReport" time="0.0">
    <ignored/>
  </testcase> <!-- @AfterSuite tearDownReport -->
  <testcase classname="com.cts.inb.tests.BaseTest" name="@AfterSuite tearDownReport" time="0.0">
    <ignored/>
  </testcase> <!-- @AfterSuite tearDownReport -->
</testsuite> <!-- All Tests -->
